<?xml version="1.0" encoding="UTF-8"?>
<!-- Generated by org.testng.reporters.JUnitReportReporter -->
<testsuite hostname="ARMIS00146" failures="0" tests="2" name="com.design.patterns.creational.SingletonNGTest" time="0.096" errors="0" timestamp="3 Dec 2021 09:55:57 GMT">
  <testcase classname="com.design.patterns.creational.SingletonNGTest" name="testInstanceFieldIsEqual" time="0.095"/>
  <testcase classname="com.design.patterns.creational.SingletonNGTest" name="testInstanceIsEqual" time="0.001"/>
</testsuite> <!-- com.design.patterns.creational.SingletonNGTest -->
